<?xml version="1.0" encoding="UTF-8"?>
<!-- Generated by org.testng.reporters.JUnitXMLReporter -->
<testsuite ignored="0" hostname="QT-INHD-LT0766" failures="1" tests="1" name="Test" time="64.315" errors="0" timestamp="2024-04-07T21:07:26 IST">
  <testcase classname="tests.TC_001_VerifyPhoneRedmi_13c_Price_On_AmazonTest" name="verifyRedmi13CPriceTest" time="56.464">
    <failure type="org.openqa.selenium.NoSuchElementException" message="no such element: Unable to locate element: {&amp;quot;method&amp;quot;:&amp;quot;xpath&amp;quot;,&amp;quot;selector&amp;quot;:&amp;quot;//span[contains(text(),&amp;apos;Startrail Silver, 8GB RAM, 256GB Storage&amp;apos;)]/ancestor::div[contains(@class,&amp;apos;a-spacing-top-small&amp;apos;)]//span[@class=&amp;apos;a-price&amp;apos;]//span[@class=&amp;apos;a-price-whole&amp;apos;]&amp;quot;}
  (Session info: chrome=123.0.6312.106)
For documentation on this error, please visit: https://www.selenium.dev/documentation/webdriver/troubleshooting/errors#no-such-element-exception
Build info: version: &amp;apos;4.11.0&amp;apos;, revision: &amp;apos;040bc5406b&amp;apos;
System info: os.name: &amp;apos;Windows 11&amp;apos;, os.arch: &amp;apos;amd64&amp;apos;, os.version: &amp;apos;10.0&amp;apos;, java.version: &amp;apos;11.0.18&amp;apos;
Driver info: org.openqa.selenium.chrome.ChromeDriver
Command: [50551d4585f3ba87e2d183dcd4b5f0a3, findElement {using=xpath, value=//span[contains(text(),&amp;apos;Startrail Silver, 8GB RAM, 256GB Storage&amp;apos;)]/ancestor::div[contains(@class,&amp;apos;a-spacing-top-small&amp;apos;)]//span[@class=&amp;apos;a-price&amp;apos;]//span[@class=&amp;apos;a-price-whole&amp;apos;]}]
Capabilities {acceptInsecureCerts: false, browserName: chrome, browserVersion: 123.0.6312.106, chrome: {chromedriverVersion: 123.0.6312.105 (399174dbe6e..., userDataDir: C:\Users\SUMIL~1.PAR\AppDat...}, fedcm:accounts: true, goog:chromeOptions: {debuggerAddress: localhost:59185}, networkConnectionEnabled: false, pageLoadStrategy: normal, platformName: windows, proxy: Proxy(), se:cdp: ws://localhost:59185/devtoo..., se:cdpVersion: 123.0.6312.106, setWindowRect: true, strictFileInteractability: false, timeouts: {implicit: 0, pageLoad: 300000, script: 30000}, unhandledPromptBehavior: dismiss and notify, webauthn:extension:credBlob: true, webauthn:extension:largeBlob: true, webauthn:extension:minPinLength: true, webauthn:extension:prf: true, webauthn:virtualAuthenticators: true}
Session ID: 50551d4585f3ba87e2d183dcd4b5f0a3">
      <![CDATA[org.openqa.selenium.NoSuchElementException: no such element: Unable to locate element: {"method":"xpath","selector":"//span[contains(text(),'Startrail Silver, 8GB RAM, 256GB Storage')]/ancestor::div[contains(@class,'a-spacing-top-small')]//span[@class='a-price']//span[@class='a-price-whole']"}
  (Session info: chrome=123.0.6312.106)
For documentation on this error, please visit: https://www.selenium.dev/documentation/webdriver/troubleshooting/errors#no-such-element-exception
Build info: version: '4.11.0', revision: '040bc5406b'
System info: os.name: 'Windows 11', os.arch: 'amd64', os.version: '10.0', java.version: '11.0.18'
Driver info: org.openqa.selenium.chrome.ChromeDriver
Command: [50551d4585f3ba87e2d183dcd4b5f0a3, findElement {using=xpath, value=//span[contains(text(),'Startrail Silver, 8GB RAM, 256GB Storage')]/ancestor::div[contains(@class,'a-spacing-top-small')]//span[@class='a-price']//span[@class='a-price-whole']}]
Capabilities {acceptInsecureCerts: false, browserName: chrome, browserVersion: 123.0.6312.106, chrome: {chromedriverVersion: 123.0.6312.105 (399174dbe6e..., userDataDir: C:\Users\SUMIL~1.PAR\AppDat...}, fedcm:accounts: true, goog:chromeOptions: {debuggerAddress: localhost:59185}, networkConnectionEnabled: false, pageLoadStrategy: normal, platformName: windows, proxy: Proxy(), se:cdp: ws://localhost:59185/devtoo..., se:cdpVersion: 123.0.6312.106, setWindowRect: true, strictFileInteractability: false, timeouts: {implicit: 0, pageLoad: 300000, script: 30000}, unhandledPromptBehavior: dismiss and notify, webauthn:extension:credBlob: true, webauthn:extension:largeBlob: true, webauthn:extension:minPinLength: true, webauthn:extension:prf: true, webauthn:virtualAuthenticators: true}
Session ID: 50551d4585f3ba87e2d183dcd4b5f0a3
at org.openqa.selenium.remote.codec.w3c.W3CHttpResponseCodec.createException(W3CHttpResponseCodec.java:200)
at org.openqa.selenium.remote.codec.w3c.W3CHttpResponseCodec.decode(W3CHttpResponseCodec.java:133)
at org.openqa.selenium.remote.codec.w3c.W3CHttpResponseCodec.decode(W3CHttpResponseCodec.java:52)
at org.openqa.selenium.remote.HttpCommandExecutor.execute(HttpCommandExecutor.java:191)
at org.openqa.selenium.remote.service.DriverCommandExecutor.invokeExecute(DriverCommandExecutor.java:196)
at org.openqa.selenium.remote.service.DriverCommandExecutor.execute(DriverCommandExecutor.java:171)
at org.openqa.selenium.remote.RemoteWebDriver.execute(RemoteWebDriver.java:518)
at org.openqa.selenium.remote.ElementLocation$ElementFinder$2.findElement(ElementLocation.java:165)
at org.openqa.selenium.remote.ElementLocation.findElement(ElementLocation.java:59)
at org.openqa.selenium.remote.RemoteWebDriver.findElement(RemoteWebDriver.java:355)
at org.openqa.selenium.remote.RemoteWebDriver.findElement(RemoteWebDriver.java:349)
at pages.HomePage.returnPriceOfPhone(HomePage.java:108)
at tests.TC_001_VerifyPhoneRedmi_13c_Price_On_AmazonTest.verifyRedmi13CPriceTest(TC_001_VerifyPhoneRedmi_13c_Price_On_AmazonTest.java:43)
at java.base/java.util.ArrayList.forEach(ArrayList.java:1541)
... Removed 35 stack frames]]>
    </failure>
  </testcase> <!-- verifyRedmi13CPriceTest -->
</testsuite> <!-- Test -->
